Using pre-set license
Built from '2020.3/release' branch; Version is '2020.3.7f1 (dd97f2c94397) revision 14522354'; Using compiler version '192528614'; Build Type 'Release'
OS: 'Windows 10 Home; OS build 19042.985; Version 2009; 64bit' Language: 'en' Physical Memory: 16335 MB
BatchMode: 1, IsHumanControllingUs: 0, StartBugReporterOnCrash: 0, Is64bit: 1, IsPro: 0

 COMMAND LINE ARGUMENTS:
E:\unity\Editor\Unity.exe
-adb2
-batchMode
-noUpm
-name
AssetImportWorker0
-projectPath
E:/Git/My Room
-logFile
Logs/AssetImportWorker0.log
-srvPort
63927
Successfully changed project path to: E:/Git/My Room
E:/Git/My Room
Using Asset Import Pipeline V2.
Refreshing native plugins compatible for Editor in 55.26 ms, found 0 plugins.
Preloading 0 native plugins for Editor in 0.00 ms.
Initialize engine version: 2020.3.7f1 (dd97f2c94397)
[Subsystems] Discovering subsystems at path E:/unity/Editor/Data/Resources/UnitySubsystems
[Subsystems] Discovering subsystems at path E:/Git/My Room/Assets
GfxDevice: creating device client; threaded=0
Direct3D:
    Version:  Direct3D 11.0 [level 11.1]
    Renderer: NVIDIA GeForce GTX 1060 6GB (ID=0x1c03)
    Vendor:   
    VRAM:     6052 MB
    Driver:   26.21.14.3630
Initialize mono
Mono path[0] = 'E:/unity/Editor/Data/Managed'
Mono path[1] = 'E:/unity/Editor/Data/MonoBleedingEdge/lib/mono/unityjit'
Mono config path = 'E:/unity/Editor/Data/MonoBleedingEdge/etc'
Using monoOptions --debugger-agent=transport=dt_socket,embedding=1,server=y,suspend=n,address=127.0.0.1:56928
Begin MonoManager ReloadAssembly
Registering precompiled unity dll's ...
Register platform support module: E:/unity/Editor/Data/PlaybackEngines/WebGLSupport/UnityEditor.WebGL.Extensions.dll
Register platform support module: E:/unity/Editor/Data/PlaybackEngines/WindowsStandaloneSupport/UnityEditor.WindowsStandalone.Extensions.dll
Registered in 0.002394 seconds.
Native extension for WindowsStandalone target not found
Native extension for WebGL target not found
Refreshing native plugins compatible for Editor in 38.52 ms, found 0 plugins.
Preloading 0 native plugins for Editor in 0.00 ms.
Mono: successfully reloaded assembly
- Completed reload, in  1.687 seconds
Platform modules already initialized, skipping
Registering precompiled user dll's ...
Registered in 0.000719 seconds.
Begin MonoManager ReloadAssembly
Native extension for WindowsStandalone target not found
Native extension for WebGL target not found
Refreshing native plugins compatible for Editor in 0.44 ms, found 0 plugins.
Preloading 0 native plugins for Editor in 0.00 ms.
Mono: successfully reloaded assembly
- Completed reload, in  1.249 seconds
Platform modules already initialized, skipping
========================================================================
Worker process is ready to serve import requests
Launched and connected shader compiler UnityShaderCompiler.exe after 0.05 seconds
Refreshing native plugins compatible for Editor in 0.55 ms, found 0 plugins.
Preloading 0 native plugins for Editor in 0.00 ms.
Unloading 1619 Unused Serialized files (Serialized files now loaded: 0)
System memory in use before: 78.6 MB.
System memory in use after: 78.7 MB.

Unloading 68 unused Assets to reduce memory usage. Loaded Objects now: 2061.
Total: 3.059100 ms (FindLiveObjects: 0.343900 ms CreateObjectMapping: 0.222300 ms MarkObjects: 2.308700 ms  DeleteObjects: 0.182800 ms)

========================================================================
Received Import Request.
  path: Assets/FBX/campfire.fbx
  artifactKey: Guid(6a8d2efa9a4c9d444a766bf024745c0c) Importer(815301076,1909f56bfc062723c751e8b465ee728b)
Start importing Assets/FBX/campfire.fbx using Guid(6a8d2efa9a4c9d444a766bf024745c0c) Importer(815301076,1909f56bfc062723c751e8b465ee728b)  -> (artifact id: '26adb62576f6f15ec86cdedc58bf7584') in 0.507072 seconds
  Import took 0.511841 seconds .

========================================================================
Received Import Request.
  Time since last request: 0.000347 seconds.
  path: Assets/FBX
  artifactKey: Guid(fdb8f4f01dd681a42a6e76195c409d53) Importer(815301076,1909f56bfc062723c751e8b465ee728b)
Start importing Assets/FBX using Guid(fdb8f4f01dd681a42a6e76195c409d53) Importer(815301076,1909f56bfc062723c751e8b465ee728b)  -> (artifact id: 'b98c154b0752b0c0d733c305c73d4e59') in 0.007609 seconds
  Import took 0.010669 seconds .

========================================================================
Received Import Request.
  Time since last request: 165.869903 seconds.
  path: Assets/FBX/campfire 1.fbx
  artifactKey: Guid(8c4a1ecdc9a1cf84a8729f976be5f057) Importer(815301076,1909f56bfc062723c751e8b465ee728b)
Start importing Assets/FBX/campfire 1.fbx using Guid(8c4a1ecdc9a1cf84a8729f976be5f057) Importer(815301076,1909f56bfc062723c751e8b465ee728b)  -> (artifact id: '12f7829208a67f09d27c9e60baf36a29') in 0.088780 seconds
  Import took 0.093208 seconds .

========================================================================
Received Import Request.
  Time since last request: 1.152121 seconds.
  path: Assets/FBX/textures 1
  artifactKey: Guid(f8315430f15769446bc8bdbc4cc8c131) Importer(815301076,1909f56bfc062723c751e8b465ee728b)
Start importing Assets/FBX/textures 1 using Guid(f8315430f15769446bc8bdbc4cc8c131) Importer(815301076,1909f56bfc062723c751e8b465ee728b)  -> (artifact id: '37e94ebad76cf13dc87cc62755ac1738') in 0.579958 seconds
  Import took 0.586152 seconds .

========================================================================
Received Import Request.
  Time since last request: 0.000774 seconds.
  path: Assets/FBX/textures 1/black-charcoal-texture_36078-213.jpg
  artifactKey: Guid(1b1c27e3806451444b4351cbe8d6980b) Importer(815301076,1909f56bfc062723c751e8b465ee728b)
Start importing Assets/FBX/textures 1/black-charcoal-texture_36078-213.jpg using Guid(1b1c27e3806451444b4351cbe8d6980b) Importer(815301076,1909f56bfc062723c751e8b465ee728b)  -> (artifact id: 'd8428ca602e9a80fe03e712ff98aafed') in 0.061436 seconds
  Import took 0.069106 seconds .

========================================================================
Received Import Request.
  Time since last request: 11.466673 seconds.
  path: Assets/FBX/campfire 1.fbx
  artifactKey: Guid(8c4a1ecdc9a1cf84a8729f976be5f057) Importer(815301076,1909f56bfc062723c751e8b465ee728b)
Start importing Assets/FBX/campfire 1.fbx using Guid(8c4a1ecdc9a1cf84a8729f976be5f057) Importer(815301076,1909f56bfc062723c751e8b465ee728b)  -> (artifact id: '57c4c718a555caf752635b614816db24') in 0.067764 seconds
  Import took 0.071429 seconds .

========================================================================
Received Import Request.
  Time since last request: 0.000179 seconds.
  path: Assets/FBX/campfire.fbx
  artifactKey: Guid(6a8d2efa9a4c9d444a766bf024745c0c) Importer(815301076,1909f56bfc062723c751e8b465ee728b)
Start importing Assets/FBX/campfire.fbx using Guid(6a8d2efa9a4c9d444a766bf024745c0c) Importer(815301076,1909f56bfc062723c751e8b465ee728b)  -> (artifact id: 'a8c98fd47f7380d684dc8650c8b9cf01') in 0.213465 seconds
  Import took 0.217706 seconds .

========================================================================
Received Import Request.
  Time since last request: 64.450875 seconds.
  path: Assets/FBX/campfire.fbx
  artifactKey: Guid(6a8d2efa9a4c9d444a766bf024745c0c) Importer(815301076,1909f56bfc062723c751e8b465ee728b)
Start importing Assets/FBX/campfire.fbx using Guid(6a8d2efa9a4c9d444a766bf024745c0c) Importer(815301076,1909f56bfc062723c751e8b465ee728b)  -> (artifact id: 'e661f0adb51d72ec31a3b32dbd48ec9c') in 0.076475 seconds
  Import took 0.081607 seconds .

========================================================================
Received Import Request.
  Time since last request: 1.075357 seconds.
  path: Assets/FBX/textures 1/black-charcoal-texture_36078-213.jpg
  artifactKey: Guid(e72f3c2b2628a3244babd395d33f9575) Importer(815301076,1909f56bfc062723c751e8b465ee728b)
Start importing Assets/FBX/textures 1/black-charcoal-texture_36078-213.jpg using Guid(e72f3c2b2628a3244babd395d33f9575) Importer(815301076,1909f56bfc062723c751e8b465ee728b)  -> (artifact id: 'a3334f9ebf9b1c8b3691ea7d05f860d8') in 0.012630 seconds
  Import took 0.016076 seconds .

========================================================================
Received Import Request.
  Time since last request: 3032.201187 seconds.
  path: Assets/FBX/bench.fbx
  artifactKey: Guid(461444db05a163c4aa443f33b0cec63d) Importer(815301076,1909f56bfc062723c751e8b465ee728b)
Start importing Assets/FBX/bench.fbx using Guid(461444db05a163c4aa443f33b0cec63d) Importer(815301076,1909f56bfc062723c751e8b465ee728b)  -> (artifact id: '7fd851800921b826c929a810c33ad8ea') in 0.080587 seconds
  Import took 0.109705 seconds .

========================================================================
Received Import Request.
  Time since last request: 3.480851 seconds.
  path: Assets/FBX/marshmellow.fbx
  artifactKey: Guid(913938aad0d354741ae07ad7a3e692b2) Importer(815301076,1909f56bfc062723c751e8b465ee728b)
Start importing Assets/FBX/marshmellow.fbx using Guid(913938aad0d354741ae07ad7a3e692b2) Importer(815301076,1909f56bfc062723c751e8b465ee728b)  -> (artifact id: 'ceabede5a290263f9d5c2ab5a1cbe7f4') in 0.040660 seconds
  Import took 0.049039 seconds .

========================================================================
Received Import Request.
  Time since last request: 0.000353 seconds.
  path: Assets/FBX/untitled.fbx
  artifactKey: Guid(9c119c1878a222048b83af2898f409ef) Importer(815301076,1909f56bfc062723c751e8b465ee728b)
Start importing Assets/FBX/untitled.fbx using Guid(9c119c1878a222048b83af2898f409ef) Importer(815301076,1909f56bfc062723c751e8b465ee728b)  -> (artifact id: '597e0c4ed19a66c044c44f360cf4b41d') in 0.057616 seconds
  Import took 0.060899 seconds .

========================================================================
Received Import Request.
  Time since last request: 12.734838 seconds.
  path: Assets/FBX/roasting stick.fbx
  artifactKey: Guid(9c119c1878a222048b83af2898f409ef) Importer(815301076,1909f56bfc062723c751e8b465ee728b)
Start importing Assets/FBX/roasting stick.fbx using Guid(9c119c1878a222048b83af2898f409ef) Importer(815301076,1909f56bfc062723c751e8b465ee728b)  -> (artifact id: '372c1555f6b3a5e8fd3b9695da70d589') in 0.068273 seconds
  Import took 0.074268 seconds .

========================================================================
Received Import Request.
  Time since last request: 48.584457 seconds.
  path: Assets/FBX/bench.prefab
  artifactKey: Guid(0af723f9a1890ad4bb2f7c283b0d4b2e) Importer(815301076,1909f56bfc062723c751e8b465ee728b)
Start importing Assets/FBX/bench.prefab using Guid(0af723f9a1890ad4bb2f7c283b0d4b2e) Importer(815301076,1909f56bfc062723c751e8b465ee728b)  -> (artifact id: 'ed6ab2228f32f4943b19145d084b7523') in 0.029463 seconds
  Import took 0.035405 seconds .

========================================================================
Received Import Request.
  Time since last request: 29.799823 seconds.
  path: Assets/FBX/bench.fbx
  artifactKey: Guid(461444db05a163c4aa443f33b0cec63d) Importer(815301076,1909f56bfc062723c751e8b465ee728b)
Start importing Assets/FBX/bench.fbx using Guid(461444db05a163c4aa443f33b0cec63d) Importer(815301076,1909f56bfc062723c751e8b465ee728b)  -> (artifact id: 'b29029fdf3492a3855cd976e69e7609e') in 0.092786 seconds
  Import took 0.117050 seconds .

========================================================================
Received Import Request.
  Time since last request: 1162.476117 seconds.
  path: Assets/Hovl Studio/Procedural fire/Textures
  artifactKey: Guid(d7f7ca595507d95498e7f9c007e64e4d) Importer(815301076,1909f56bfc062723c751e8b465ee728b)
Start importing Assets/Hovl Studio/Procedural fire/Textures using Guid(d7f7ca595507d95498e7f9c007e64e4d) Importer(815301076,1909f56bfc062723c751e8b465ee728b)  -> (artifact id: 'bab7daea41084a801d1c0ba0b50cf7c2') in 0.010184 seconds
  Import took 0.038423 seconds .

========================================================================
Received Import Request.
  Time since last request: 0.034477 seconds.
  path: Assets/Hovl Studio/Procedural fire/Textures/FireSphere1.png
  artifactKey: Guid(31679c4b857f0d140bd9566b86eb8674) Importer(815301076,1909f56bfc062723c751e8b465ee728b)
Start importing Assets/Hovl Studio/Procedural fire/Textures/FireSphere1.png using Guid(31679c4b857f0d140bd9566b86eb8674) Importer(815301076,1909f56bfc062723c751e8b465ee728b)  -> (artifact id: '242da1523e9811c1289280398e29f6ab') in 0.021569 seconds
  Import took 0.026162 seconds .

========================================================================
Received Import Request.
  Time since last request: 0.000278 seconds.
  path: Assets/Hovl Studio/Procedural fire/Textures/Smoke26.png
  artifactKey: Guid(08b3912bdc0a5ed4d9a27125425a97f4) Importer(815301076,1909f56bfc062723c751e8b465ee728b)
Start importing Assets/Hovl Studio/Procedural fire/Textures/Smoke26.png using Guid(08b3912bdc0a5ed4d9a27125425a97f4) Importer(815301076,1909f56bfc062723c751e8b465ee728b)  -> (artifact id: '7a7fba3a68877528312c78bc9ab44ed1') in 0.026582 seconds
  Import took 0.044462 seconds .

========================================================================
Received Import Request.
  Time since last request: 0.000282 seconds.
  path: Assets/Hovl Studio/Procedural fire/Textures/Trail67.png
  artifactKey: Guid(c4f655f5d01f55547a23a546b58afd04) Importer(815301076,1909f56bfc062723c751e8b465ee728b)
Start importing Assets/Hovl Studio/Procedural fire/Textures/Trail67.png using Guid(c4f655f5d01f55547a23a546b58afd04) Importer(815301076,1909f56bfc062723c751e8b465ee728b)  -> (artifact id: '583aaf5523437aab85259af006400a4a') in 0.023060 seconds
  Import took 0.027071 seconds .

========================================================================
Received Import Request.
  Time since last request: 0.000235 seconds.
  path: Assets/Hovl Studio/Procedural fire/Textures/FireSphere2.png
  artifactKey: Guid(a52c2b00382a3264cbea32cfc2c36b34) Importer(815301076,1909f56bfc062723c751e8b465ee728b)
Start importing Assets/Hovl Studio/Procedural fire/Textures/FireSphere2.png using Guid(a52c2b00382a3264cbea32cfc2c36b34) Importer(815301076,1909f56bfc062723c751e8b465ee728b)  -> (artifact id: '48aa633619a88de98a58a10f60b117ff') in 0.026200 seconds
  Import took 0.048123 seconds .

========================================================================
Received Import Request.
  Time since last request: 22.038147 seconds.
  path: Assets/Hovl Studio/Procedural fire/Prefabs/Explosion.prefab
  artifactKey: Guid(67a684e320da6e7439421a07e3fa265c) Importer(815301076,1909f56bfc062723c751e8b465ee728b)
Start importing Assets/Hovl Studio/Procedural fire/Prefabs/Explosion.prefab using Guid(67a684e320da6e7439421a07e3fa265c) Importer(815301076,1909f56bfc062723c751e8b465ee728b)  -> (artifact id: '2d590be345d776a003416ea77e98e356') in 0.016860 seconds
  Import took 0.100471 seconds .

========================================================================
Received Import Request.
  Time since last request: 0.000322 seconds.
  path: Assets/Hovl Studio/Procedural fire/Prefabs/Magic fire 3.prefab
  artifactKey: Guid(78e8b38d431ddef4fa2994a3f2d6e2ff) Importer(815301076,1909f56bfc062723c751e8b465ee728b)
Start importing Assets/Hovl Studio/Procedural fire/Prefabs/Magic fire 3.prefab using Guid(78e8b38d431ddef4fa2994a3f2d6e2ff) Importer(815301076,1909f56bfc062723c751e8b465ee728b)  -> (artifact id: '4bf06f3a37d9214f1489506bb1c0fb17') in 0.017548 seconds
  Import took 0.021958 seconds .

========================================================================
Received Import Request.
  Time since last request: 0.000084 seconds.
  path: Assets/Hovl Studio/Procedural fire/Prefabs/Magic fire pro orange.prefab
  artifactKey: Guid(e55149ba6f4d00741984987e258c3378) Importer(815301076,1909f56bfc062723c751e8b465ee728b)
Start importing Assets/Hovl Studio/Procedural fire/Prefabs/Magic fire pro orange.prefab using Guid(e55149ba6f4d00741984987e258c3378) Importer(815301076,1909f56bfc062723c751e8b465ee728b)  -> (artifact id: '35a1e7ba3b465e640a084cd5200c2153') in 0.012428 seconds
  Import took 0.016961 seconds .

========================================================================
Received Import Request.
  Time since last request: 0.000071 seconds.
  path: Assets/Hovl Studio/Procedural fire/Prefabs/Magic fire pro yellow.prefab
  artifactKey: Guid(52d340ed9c2714c4f8aabf1f82df1b58) Importer(815301076,1909f56bfc062723c751e8b465ee728b)
Start importing Assets/Hovl Studio/Procedural fire/Prefabs/Magic fire pro yellow.prefab using Guid(52d340ed9c2714c4f8aabf1f82df1b58) Importer(815301076,1909f56bfc062723c751e8b465ee728b)  -> (artifact id: 'e6b62c00cdc39fa62f774393ce308716') in 0.015305 seconds
  Import took 0.020816 seconds .

========================================================================
Received Import Request.
  Time since last request: 0.000281 seconds.
  path: Assets/Hovl Studio/Procedural fire/Prefabs/Magic fire pro blue.prefab
  artifactKey: Guid(c590b17884b119046bc6412066500b7d) Importer(815301076,1909f56bfc062723c751e8b465ee728b)
Start importing Assets/Hovl Studio/Procedural fire/Prefabs/Magic fire pro blue.prefab using Guid(c590b17884b119046bc6412066500b7d) Importer(815301076,1909f56bfc062723c751e8b465ee728b)  -> (artifact id: 'b8421e7dc4fd91b4a7b8e35de4e32de6') in 0.013602 seconds
  Import took 0.019363 seconds .

========================================================================
Received Import Request.
  Time since last request: 0.000291 seconds.
  path: Assets/Hovl Studio/Procedural fire/Prefabs/RotatorPS2.prefab
  artifactKey: Guid(26255240385821a4185c7163c7a7aec6) Importer(815301076,1909f56bfc062723c751e8b465ee728b)
Start importing Assets/Hovl Studio/Procedural fire/Prefabs/RotatorPS2.prefab using Guid(26255240385821a4185c7163c7a7aec6) Importer(815301076,1909f56bfc062723c751e8b465ee728b)  -> (artifact id: 'a7221d19f9b40855b025630e4cd0a53a') in 0.021235 seconds
  Import took 0.147902 seconds .

========================================================================
Received Import Request.
  Time since last request: 0.000385 seconds.
  path: Assets/Hovl Studio/Procedural fire/Prefabs/Magic fire 0.prefab
  artifactKey: Guid(08fd1b80cc24cc8439f45fda3c558255) Importer(815301076,1909f56bfc062723c751e8b465ee728b)
Start importing Assets/Hovl Studio/Procedural fire/Prefabs/Magic fire 0.prefab using Guid(08fd1b80cc24cc8439f45fda3c558255) Importer(815301076,1909f56bfc062723c751e8b465ee728b)  -> (artifact id: '89feb8dcef5b2ed45d463ac3fb40bfb9') in 0.020328 seconds
  Import took 0.026149 seconds .

========================================================================
Received Import Request.
  Time since last request: 0.000234 seconds.
  path: Assets/Hovl Studio/Procedural fire/Prefabs/Magic fire pro green.prefab
  artifactKey: Guid(3d35e81bdc5955041be098ef22e82a3b) Importer(815301076,1909f56bfc062723c751e8b465ee728b)
Start importing Assets/Hovl Studio/Procedural fire/Prefabs/Magic fire pro green.prefab using Guid(3d35e81bdc5955041be098ef22e82a3b) Importer(815301076,1909f56bfc062723c751e8b465ee728b)  -> (artifact id: '4c5654a247395d3f42cdd74f06864d9c') in 0.014992 seconds
  Import took 0.020199 seconds .

========================================================================
Received Import Request.
  Time since last request: 0.000285 seconds.
  path: Assets/Hovl Studio/Procedural fire/Prefabs/Magic fire pro red.prefab
  artifactKey: Guid(eca000ab44c908d4dab395f654753038) Importer(815301076,1909f56bfc062723c751e8b465ee728b)
Start importing Assets/Hovl Studio/Procedural fire/Prefabs/Magic fire pro red.prefab using Guid(eca000ab44c908d4dab395f654753038) Importer(815301076,1909f56bfc062723c751e8b465ee728b)  -> (artifact id: '97de5730d6181292318b873d64e8e677') in 0.015757 seconds
  Import took 0.020992 seconds .

========================================================================
Received Import Request.
  Time since last request: 0.000264 seconds.
  path: Assets/Hovl Studio/Procedural fire/Prefabs/Magic fire 2.prefab
  artifactKey: Guid(529eb4216865eba419c1a4a68d0b0388) Importer(815301076,1909f56bfc062723c751e8b465ee728b)
Start importing Assets/Hovl Studio/Procedural fire/Prefabs/Magic fire 2.prefab using Guid(529eb4216865eba419c1a4a68d0b0388) Importer(815301076,1909f56bfc062723c751e8b465ee728b)  -> (artifact id: '3c134fcba8425205790446ac97fd3943') in 0.011974 seconds
  Import took 0.126435 seconds .

========================================================================
Received Import Request.
  Time since last request: 0.000407 seconds.
  path: Assets/Hovl Studio/Procedural fire/Prefabs/RotatorPS1.prefab
  artifactKey: Guid(1381b64ff1936ac4e80c3a00687081f3) Importer(815301076,1909f56bfc062723c751e8b465ee728b)
Start importing Assets/Hovl Studio/Procedural fire/Prefabs/RotatorPS1.prefab using Guid(1381b64ff1936ac4e80c3a00687081f3) Importer(815301076,1909f56bfc062723c751e8b465ee728b)  -> (artifact id: 'c0be952baaedfa4afd25aedab5f07f69') in 0.012194 seconds
  Import took 0.016463 seconds .

========================================================================
Received Import Request.
  Time since last request: 0.000321 seconds.
  path: Assets/Hovl Studio/Procedural fire/Prefabs/Magic fire 1.prefab
  artifactKey: Guid(25093a0593dc83043a7bc17ebba0e95d) Importer(815301076,1909f56bfc062723c751e8b465ee728b)
Start importing Assets/Hovl Studio/Procedural fire/Prefabs/Magic fire 1.prefab using Guid(25093a0593dc83043a7bc17ebba0e95d) Importer(815301076,1909f56bfc062723c751e8b465ee728b)  -> (artifact id: '65803edb2bdc8684114bfc46d2138a04') in 0.014984 seconds
  Import took 0.037534 seconds .

========================================================================
Received Import Request.
  Time since last request: 4.088038 seconds.
  path: Assets/Hovl Studio/Procedural fire/Materials/FireSphere1.mat
  artifactKey: Guid(14fab0de6c54324468738e7b38a88207) Importer(815301076,1909f56bfc062723c751e8b465ee728b)
Start importing Assets/Hovl Studio/Procedural fire/Materials/FireSphere1.mat using Guid(14fab0de6c54324468738e7b38a88207) Importer(815301076,1909f56bfc062723c751e8b465ee728b)  -> (artifact id: '834b1d8f5047fe44a24a2eb57bc70fe2') in 0.118831 seconds
  Import took 0.139119 seconds .

========================================================================
Received Import Request.
  Time since last request: 11.002242 seconds.
  path: Assets/Hovl Studio/Procedural fire/Materials/SparkSphere.mat
  artifactKey: Guid(20e729147a4dad247abfc2305c3dd963) Importer(815301076,1909f56bfc062723c751e8b465ee728b)
Start importing Assets/Hovl Studio/Procedural fire/Materials/SparkSphere.mat using Guid(20e729147a4dad247abfc2305c3dd963) Importer(815301076,1909f56bfc062723c751e8b465ee728b)  -> (artifact id: '0e33024690d88f5df38ad4fb78bcfb1e') in 0.023546 seconds
  Import took 0.080661 seconds .

========================================================================
Received Prepare
Registering precompiled user dll's ...
Registered in 0.001219 seconds.
Begin MonoManager ReloadAssembly
Native extension for WindowsStandalone target not found
Native extension for WebGL target not found
Refreshing native plugins compatible for Editor in 0.60 ms, found 0 plugins.
Preloading 0 native plugins for Editor in 0.00 ms.
Warning: Annotation not found!
UnityEngine.StackTraceUtility:ExtractStackTrace ()
UnityEditor.ProBuilder.EditorUtility:SetGizmoIconEnabled (System.Type,bool) (at Library/PackageCache/com.unity.probuilder@4.5.0/Editor/EditorCore/EditorUtility.cs:593)
UnityEditor.ProBuilder.HierarchyListener:.cctor () (at Library/PackageCache/com.unity.probuilder@4.5.0/Editor/EditorCore/HierarchyListener.cs:21)
System.Runtime.CompilerServices.RuntimeHelpers:RunClassConstructor (System.RuntimeTypeHandle)
UnityEditor.EditorAssemblies:ProcessInitializeOnLoadAttributes (System.Type[])

[Library/PackageCache/com.unity.probuilder@4.5.0/Editor/EditorCore/EditorUtility.cs line 593]

Mono: successfully reloaded assembly
- Completed reload, in  2.475 seconds
Platform modules already initialized, skipping
Refreshing native plugins compatible for Editor in 0.77 ms, found 0 plugins.
Preloading 0 native plugins for Editor in 0.00 ms.
Unloading 1580 Unused Serialized files (Serialized files now loaded: 0)
System memory in use before: 79.1 MB.
System memory in use after: 79.2 MB.

Unloading 5 unused Assets to reduce memory usage. Loaded Objects now: 2110.
Total: 2.568700 ms (FindLiveObjects: 0.187100 ms CreateObjectMapping: 0.062300 ms MarkObjects: 2.292300 ms  DeleteObjects: 0.025200 ms)

========================================================================
Received Prepare
Registering precompiled user dll's ...
Registered in 0.001225 seconds.
Begin MonoManager ReloadAssembly
Native extension for WindowsStandalone target not found
Native extension for WebGL target not found
Refreshing native plugins compatible for Editor in 0.55 ms, found 0 plugins.
Preloading 0 native plugins for Editor in 0.00 ms.
Warning: Annotation not found!
UnityEngine.StackTraceUtility:ExtractStackTrace ()
UnityEditor.ProBuilder.EditorUtility:SetGizmoIconEnabled (System.Type,bool) (at Library/PackageCache/com.unity.probuilder@4.5.0/Editor/EditorCore/EditorUtility.cs:593)
UnityEditor.ProBuilder.HierarchyListener:.cctor () (at Library/PackageCache/com.unity.probuilder@4.5.0/Editor/EditorCore/HierarchyListener.cs:21)
System.Runtime.CompilerServices.RuntimeHelpers:RunClassConstructor (System.RuntimeTypeHandle)
UnityEditor.EditorAssemblies:ProcessInitializeOnLoadAttributes (System.Type[])

[Library/PackageCache/com.unity.probuilder@4.5.0/Editor/EditorCore/EditorUtility.cs line 593]

Mono: successfully reloaded assembly
- Completed reload, in  1.794 seconds
Platform modules already initialized, skipping
Refreshing native plugins compatible for Editor in 0.47 ms, found 0 plugins.
Preloading 0 native plugins for Editor in 0.00 ms.
Unloading 1579 Unused Serialized files (Serialized files now loaded: 0)
System memory in use before: 78.9 MB.
System memory in use after: 79.0 MB.

Unloading 4 unused Assets to reduce memory usage. Loaded Objects now: 2113.
Total: 7.361900 ms (FindLiveObjects: 1.167300 ms CreateObjectMapping: 0.231200 ms MarkObjects: 5.943200 ms  DeleteObjects: 0.017800 ms)

AssetImportWorkerClient::OnTransportError - code=2 error=End of file
